0 MLP: -97.79425 DFT: -12755.44800 Diff: 12657.653751 dE: 0.0000 d2E: 0.0000
1 MLP: -100.80849 DFT: -12757.78210 Diff: 12656.973607 dE: 3.0142 d2E: 4.2156
2 MLP: -99.60718 DFT: -12756.31320 Diff: 12656.706023 dE: 1.2013 d2E: 2.0485
3 MLP: -100.45436 DFT: -12756.70990 Diff: 12656.255538 dE: 0.8472 d2E: 1.4571
4 MLP: -99.84445 DFT: -12756.56750 Diff: 12656.723055 dE: 0.6099 d2E: 0.7226
5 MLP: -99.95716 DFT: -12755.99220 Diff: 12656.035042 dE: 0.1127 d2E: 0.6662
6 MLP: -99.40367 DFT: -12755.46260 Diff: 12656.058933 dE: 0.5535 d2E: 0.6784
7 MLP: -99.52857 DFT: -12754.93870 Diff: 12655.410130 dE: 0.1249 d2E: 0.0713
8 MLP: -99.72481 DFT: -12755.28970 Diff: 12655.564893 dE: 0.1962 d2E: 0.4617
9 MLP: -99.45933 DFT: -12755.59580 Diff: 12656.136474 dE: 0.2655 d2E: 0.8305
10 MLP: -100.02431 DFT: -12756.34960 Diff: 12656.325292 dE: 0.5650 d2E: 0.2985
11 MLP: -100.29079 DFT: -12756.39920 Diff: 12656.108409 dE: 0.2665 d2E: 0.8508
12 MLP: -99.70652 DFT: -12755.85800 Diff: 12656.151484 dE: 0.5843 d2E: 0.3850
13 MLP: -99.50719 DFT: -12755.60100 Diff: 12656.093809 dE: 0.1993 d2E: 0.0927
14 MLP: -99.21521 DFT: -12754.98120 Diff: 12655.765990 dE: 0.2920 d2E: 1.4387
15 MLP: -100.36190 DFT: -12756.25090 Diff: 12655.889004 dE: 1.1467 d2E: 1.7304
16 MLP: -99.77822 DFT: -12756.01210 Diff: 12656.233877 dE: 0.5837 d2E: 0.2111
17 MLP: -98.98344 DFT: -12754.80660 Diff: 12655.823164 dE: 0.7948 d2E: 2.1535
18 MLP: -100.34220 DFT: -12755.68040 Diff: 12655.338205 dE: 1.3588 d2E: 2.5761
19 MLP: -99.12482 DFT: -12755.00100 Diff: 12655.876183 dE: 1.2174 d2E: 2.2578
20 MLP: -100.16520 DFT: -12755.18860 Diff: 12655.023401 dE: 1.0404 d2E: 2.2578
