1 MLP: -80.35093 DFT: -7476.01510 Diff: 7395.664165 dE: 0.2855 d2E: 0.2429
3 MLP: -80.91574 DFT: -7476.93100 Diff: 7396.015264 dE: 0.5222 d2E: 0.5411
5 MLP: -81.46119 DFT: -7477.37190 Diff: 7395.910714 dE: 0.5643 d2E: 0.9012
7 MLP: -81.37798 DFT: -7476.52040 Diff: 7395.142419 dE: 0.2537 d2E: 0.0668
10 MLP: -81.87453 DFT: -7477.84070 Diff: 7395.966169 dE: 0.2729 d2E: 0.2014
12 MLP: -81.98587 DFT: -7477.55260 Diff: 7395.566733 dE: 0.0399 d2E: 0.0547
14 MLP: -82.28534 DFT: -7478.21360 Diff: 7395.928255 dE: 0.3143 d2E: 0.5721
16 MLP: -82.38787 DFT: -7478.14540 Diff: 7395.757527 dE: 0.3604 d2E: 0.5698
18 MLP: -82.45661 DFT: -7476.89550 Diff: 7394.438893 dE: 0.2781 d2E: 0.1971
20 MLP: -82.59043 DFT: -7475.67560 Diff: 7393.085165 dE: 0.0528 d2E: 0.1801
21 MLP: -82.46312 DFT: -7475.61970 Diff: 7393.156585 dE: 0.1273 d2E: 0.3589
24 MLP: -82.81246 DFT: -7475.15460 Diff: 7392.342141 dE: 0.1094 d2E: 0.3794
27 MLP: -82.29997 DFT: -7475.63390 Diff: 7393.333930 dE: 0.1754 d2E: 0.2847
29 MLP: -82.37203 DFT: -7474.18930 Diff: 7391.817269 dE: 0.0372 d2E: 0.0510
31 MLP: -82.73540 DFT: -7475.07440 Diff: 7392.339002 dE: 0.3495 d2E: 0.4114
32 MLP: -82.67355 DFT: -7474.99360 Diff: 7392.320052 dE: 0.0619 d2E: 0.2704
34 MLP: -83.10328 DFT: -7475.67120 Diff: 7392.567922 dE: 0.2212 d2E: 0.4020
37 MLP: -82.64505 DFT: -7475.93140 Diff: 7393.286346 dE: 0.1897 d2E: 0.1492
38 MLP: -82.60458 DFT: -7476.34230 Diff: 7393.737717 dE: 0.0405 d2E: 0.2776
40 MLP: -81.96946 DFT: -7476.46650 Diff: 7394.497036 dE: 0.3171 d2E: 0.9850
42 MLP: -82.43414 DFT: -7476.12040 Diff: 7393.686260 dE: 0.2033 d2E: 0.4211
43 MLP: -82.65191 DFT: -7475.83060 Diff: 7393.178692 dE: 0.2178 d2E: 0.3702
45 MLP: -82.50006 DFT: -7475.65070 Diff: 7393.150641 dE: 0.0006 d2E: 0.0993
47 MLP: -82.06450 DFT: -7474.92340 Diff: 7392.858898 dE: 0.3368 d2E: 0.2867
49 MLP: -82.28447 DFT: -7473.62200 Diff: 7391.337527 dE: 0.2701 d2E: 0.3202
