1 MLP: -60.41887 DFT: -61.21440 Diff: 0.795527 dE: 0.3960 d2E: 0.0525
2 MLP: -60.76245 DFT: -61.64650 Diff: 0.884046 dE: 0.3436 d2E: 0.0531
3 MLP: -61.05292 DFT: -61.96880 Diff: 0.915878 dE: 0.2905 d2E: 0.0542
4 MLP: -61.28915 DFT: -62.20320 Diff: 0.914048 dE: 0.2362 d2E: 0.0555
5 MLP: -61.46992 DFT: -62.36670 Diff: 0.896783 dE: 0.1808 d2E: 0.0561
6 MLP: -61.59457 DFT: -62.47280 Diff: 0.878227 dE: 0.1247 d2E: 0.0549
7 MLP: -61.66437 DFT: -62.53220 Diff: 0.867830 dE: 0.0698 d2E: 0.0496
8 MLP: -61.68460 DFT: -62.55350 Diff: 0.868900 dE: 0.0202 d2E: 0.0374
10 MLP: -61.63427 DFT: -62.50770 Diff: 0.873426 dE: 0.0332 d2E: 0.0128
12 MLP: -61.63291 DFT: -62.37650 Diff: 0.743591 dE: 0.0190 d2E: 0.0496
15 MLP: -61.92977 DFT: -62.07730 Diff: 0.147532 dE: 0.1219 d2E: 0.0008
17 MLP: -62.16443 DFT: -61.83530 Diff: 0.329129 dE: 0.1135 d2E: 0.0090
20 MLP: -62.45218 DFT: -61.43670 Diff: 1.015476 dE: 0.0875 d2E: 0.0076
22 MLP: -62.60515 DFT: -61.15840 Diff: 1.446749 dE: 0.0730 d2E: 0.0064
25 MLP: -62.78783 DFT: -60.73480 Diff: 2.053034 dE: 0.0553 d2E: 0.0050
27 MLP: -62.88402 DFT: -60.45370 Diff: 2.430324 dE: 0.0458 d2E: 0.0042
30 MLP: -62.99772 DFT: -60.04070 Diff: 2.957022 dE: 0.0343 d2E: 0.0032
32 MLP: -63.05684 DFT: -59.77390 Diff: 3.282941 dE: 0.0281 d2E: 0.0027
35 MLP: -63.12568 DFT: -59.39000 Diff: 3.735684 dE: 0.0206 d2E: 0.0021
37 MLP: -63.16082 DFT: -59.14640 Diff: 4.014416 dE: 0.0166 d2E: 0.0017
40 MLP: -63.20080 DFT: -58.80050 Diff: 4.400296 dE: 0.0118 d2E: 0.0013
42 MLP: -63.22059 DFT: -58.58330 Diff: 4.637291 dE: 0.0093 d2E: 0.0011
45 MLP: -63.24225 DFT: -58.27750 Diff: 4.964753 dE: 0.0063 d2E: 0.0008
47 MLP: -63.25240 DFT: -58.08690 Diff: 5.165503 dE: 0.0047 d2E: 0.0007
50 MLP: -63.26266 DFT: -57.82030 Diff: 5.442364 dE: 0.0028 d2E: 0.0006
